<?xml version="1.0" encoding="UTF-8"?>
<!-- Generated by org.testng.reporters.JUnitReportReporter -->
<testsuite hostname="Tushar" failures="0" tests="3" name="com.tek.organization.OrgainzationModuleTest" time="57.851" errors="0" timestamp="2025-06-03T16:31:56 IST" skipped="0">
  <testcase classname="com.tek.organization.OrgainzationModuleTest" name="createOrgainzation" time="16.334"/>
  <system-out/>
  <testcase classname="com.tek.organization.OrgainzationModuleTest" name="orgWithNumber" time="19.270"/>
  <system-out/>
  <testcase classname="com.tek.organization.OrgainzationModuleTest" name="createOrgWithIndustryAndTypee" time="22.247"/>
  <system-out/>
</testsuite> <!-- com.tek.organization.OrgainzationModuleTest -->
