<?xml version="1.0" encoding="UTF-8"?>
<!-- Generated by org.testng.reporters.JUnitReportReporter -->
<testsuite hostname="Tushar" failures="0" tests="4" name="demo.ConfigAnnotationAndListnerInterfaceMethodsFlow" time="0.012" errors="0" timestamp="2025-06-06T11:29:32 IST" skipped="0">
  <testcase classname="demo.ConfigAnnotationAndListnerInterfaceMethodsFlow" name="test3" time="0.001"/>
  <system-out/>
  <testcase classname="demo.ConfigAnnotationAndListnerInterfaceMethodsFlow" name="test2" time="0.002"/>
  <system-out/>
  <testcase classname="demo.ConfigAnnotationAndListnerInterfaceMethodsFlow" name="test1" time="0.007"/>
  <system-out/>
  <testcase classname="demo.ConfigAnnotationAndListnerInterfaceMethodsFlow" name="test4" time="0.002"/>
  <system-out/>
</testsuite> <!-- demo.ConfigAnnotationAndListnerInterfaceMethodsFlow -->
