<?xml version="1.0" encoding="UTF-8"?>
<!-- Generated by org.testng.reporters.JUnitReportReporter -->
<testsuite hostname="Tushar" failures="0" tests="1" name="demo.CheckUtilityMethods" time="0.036" errors="0" timestamp="2025-05-23T12:48:11 IST" skipped="0">
  <testcase classname="demo.CheckUtilityMethods" name="test" time="0.036"/>
  <system-out/>
</testsuite> <!-- demo.CheckUtilityMethods -->
