<?xml version="1.0" encoding="UTF-8"?>
<!-- Generated by org.testng.reporters.JUnitReportReporter -->
<testsuite hostname="Tushar" failures="0" tests="1" name="demo.GetProductPriceAndWriteIntoExcel" time="83.034" errors="0" timestamp="2025-06-05T16:13:10 IST" skipped="0">
  <testcase classname="demo.GetProductPriceAndWriteIntoExcel" name="rightProductPriceIntoExcel" time="83.034"/>
  <system-out/>
</testsuite> <!-- demo.GetProductPriceAndWriteIntoExcel -->
