<?xml version="1.0" encoding="UTF-8"?>
<!-- Generated by org.testng.reporters.JUnitReportReporter -->
<testsuite hostname="Tushar" failures="0" tests="1" name="com.tek.organization.CreateOrgainzation_WithNumberTest" time="28.106" errors="0" timestamp="2025-05-27T18:16:07 IST" skipped="0">
  <testcase classname="com.tek.organization.CreateOrgainzation_WithNumberTest" name="orgWithNumber" time="28.106"/>
  <system-out/>
</testsuite> <!-- com.tek.organization.CreateOrgainzation_WithNumberTest -->
