<?xml version="1.0" encoding="UTF-8"?>
<!-- Generated by org.testng.reporters.JUnitReportReporter -->
<testsuite hostname="Tushar" failures="0" tests="1" name="demo.DemoQspiderSimpleDatePicker" time="55.172" errors="0" timestamp="2025-05-26T13:01:54 IST" skipped="0">
  <testcase classname="demo.DemoQspiderSimpleDatePicker" name="simpleDatePicker" time="55.172"/>
  <system-out/>
</testsuite> <!-- demo.DemoQspiderSimpleDatePicker -->
