<?xml version="1.0" encoding="UTF-8"?>
<!-- Generated by org.testng.reporters.JUnitReportReporter -->
<testsuite hostname="Tushar" failures="0" tests="1" name="com.tek.organization.CreateOrganizationWithIndustyAndTypeTest" time="28.150" errors="0" timestamp="2025-05-27T18:17:32 IST" skipped="0">
  <testcase classname="com.tek.organization.CreateOrganizationWithIndustyAndTypeTest" name="createOrgWithIndustryAndTypee" time="28.150"/>
  <system-out/>
</testsuite> <!-- com.tek.organization.CreateOrganizationWithIndustyAndTypeTest -->
