<?xml version="1.0" encoding="UTF-8"?>
<!-- Generated by org.testng.reporters.JUnitReportReporter -->
<testsuite hostname="Tushar" failures="0" tests="1" name="com.tek.contact.CreateContactWithSupportDateTest" time="29.504" errors="0" timestamp="2025-05-27T18:22:04 IST" skipped="0">
  <testcase classname="com.tek.contact.CreateContactWithSupportDateTest" name="contactWithSupportDate" time="29.504"/>
  <system-out/>
</testsuite> <!-- com.tek.contact.CreateContactWithSupportDateTest -->
