<?xml version="1.0" encoding="UTF-8"?>
<!-- Generated by org.testng.reporters.JUnitReportReporter -->
<testsuite hostname="Tushar" failures="0" tests="1" name="com.tek.contact.CreateContactAndSelectOrg" time="53.710" errors="0" timestamp="2025-05-23T15:49:06 IST" skipped="0">
  <testcase classname="com.tek.contact.CreateContactAndSelectOrg" name="selectOrgInContact" time="53.710"/>
  <system-out/>
</testsuite> <!-- com.tek.contact.CreateContactAndSelectOrg -->
