<?xml version="1.0" encoding="UTF-8"?>
<!-- Generated by org.testng.reporters.JUnitReportReporter -->
<testsuite hostname="Tushar" failures="0" tests="1" name="com.tek.organization.Create_OrgainzationTest" time="66.414" errors="0" timestamp="2025-05-27T18:11:33 IST" skipped="0">
  <testcase classname="com.tek.organization.Create_OrgainzationTest" name="orgainzation" time="66.414"/>
  <system-out/>
</testsuite> <!-- com.tek.organization.Create_OrgainzationTest -->
