<?xml version="1.0" encoding="UTF-8"?>
<!-- Generated by org.testng.reporters.JUnitReportReporter -->
<testsuite hostname="Tushar" failures="0" tests="1" name="com.tek.contact.CreateContactWithSupportDate" time="33.025" errors="0" timestamp="2025-05-23T15:55:10 IST" skipped="0">
  <testcase classname="com.tek.contact.CreateContactWithSupportDate" name="contactWithSupportDate" time="33.025"/>
  <system-out/>
</testsuite> <!-- com.tek.contact.CreateContactWithSupportDate -->
