<?xml version="1.0" encoding="UTF-8"?>
<!-- Generated by org.testng.reporters.JUnitReportReporter -->
<testsuite hostname="Tushar" failures="0" tests="1" name="demo.SampleTest" time="0.013" errors="0" timestamp="2025-05-27T17:59:29 IST" skipped="0">
  <testcase classname="demo.SampleTest" name="samlpe" time="0.013"/>
  <system-out/>
</testsuite> <!-- demo.SampleTest -->
