<?xml version="1.0" encoding="UTF-8"?>
<!-- Generated by org.testng.reporters.JUnitReportReporter -->
<testsuite hostname="Tushar" failures="0" tests="1" name="com.tek.organization.Create_Orgainzation" time="32.776" errors="0" timestamp="2025-05-23T14:52:39 IST" skipped="0">
  <testcase classname="com.tek.organization.Create_Orgainzation" name="orgainzation" time="32.776"/>
  <system-out/>
</testsuite> <!-- com.tek.organization.Create_Orgainzation -->
