<?xml version="1.0" encoding="UTF-8"?>
<!-- Generated by org.testng.reporters.JUnitReportReporter -->
<testsuite hostname="Tushar" failures="0" tests="1" name="com.tek.opportunities.CreateOpportunitiesAndRelateToContact" time="44.570" errors="0" timestamp="2025-05-27T18:25:24 IST" skipped="0">
  <testcase classname="com.tek.opportunities.CreateOpportunitiesAndRelateToContact" name="opportunitiesAndRelateToContact" time="44.570"/>
  <system-out/>
</testsuite> <!-- com.tek.opportunities.CreateOpportunitiesAndRelateToContact -->
