<?xml version="1.0" encoding="UTF-8"?>
<!-- Generated by org.testng.reporters.JUnitReportReporter -->
<testsuite hostname="Tushar" failures="0" tests="2" name="demo.DemoQspidersTimePicker" time="43.209" errors="0" timestamp="2025-05-26T13:03:16 IST" skipped="0">
  <testcase classname="demo.DemoQspidersTimePicker" name="defaultTimePicker" time="20.363"/>
  <system-out/>
  <testcase classname="demo.DemoQspidersTimePicker" name="timePickerclock" time="22.846"/>
  <system-out/>
</testsuite> <!-- demo.DemoQspidersTimePicker -->
