<?xml version="1.0" encoding="UTF-8"?>
<!-- Generated by org.testng.reporters.JUnitReportReporter -->
<testsuite hostname="Tushar" failures="0" tests="2" name="com.tek.product.ProductModule" time="32.285" errors="0" timestamp="2025-06-03T16:31:56 IST" skipped="0">
  <testcase classname="com.tek.product.ProductModule" name="productCreate" time="16.588"/>
  <system-out/>
  <testcase classname="com.tek.product.ProductModule" name="productWithStartandEndDate" time="15.697"/>
  <system-out/>
</testsuite> <!-- com.tek.product.ProductModule -->
