<?xml version="1.0" encoding="UTF-8"?>
<!-- Generated by org.testng.reporters.JUnitReportReporter -->
<testsuite hostname="Tushar" failures="0" tests="1" name="com.tek.organization.CreateOrgainzation_WithNumber" time="33.001" errors="0" timestamp="2025-05-23T15:31:43 IST" skipped="0">
  <testcase classname="com.tek.organization.CreateOrgainzation_WithNumber" name="orgWithNumber" time="33.001"/>
  <system-out/>
</testsuite> <!-- com.tek.organization.CreateOrgainzation_WithNumber -->
