<?xml version="1.0" encoding="UTF-8"?>
<!-- Generated by org.testng.reporters.JUnitReportReporter -->
<testsuite hostname="Tushar" failures="0" tests="1" name="demo.Google" time="5.038" errors="0" timestamp="2025-05-26T14:38:49 IST" skipped="0">
  <testcase classname="demo.Google" name="googleTest" time="5.038"/>
  <system-out/>
</testsuite> <!-- demo.Google -->
