<?xml version="1.0" encoding="UTF-8"?>
<!-- Generated by org.testng.reporters.JUnitReportReporter -->
<testsuite hostname="Tushar" failures="0" tests="1" name="demo.DemoQspiderDropDownDatePicker" time="19.268" errors="0" timestamp="2025-05-26T13:02:20 IST" skipped="0">
  <testcase classname="demo.DemoQspiderDropDownDatePicker" name="dropDownDatePicker" time="19.268"/>
  <system-out/>
</testsuite> <!-- demo.DemoQspiderDropDownDatePicker -->
