<?xml version="1.0" encoding="UTF-8"?>
<!-- Generated by org.testng.reporters.JUnitReportReporter -->
<testsuite hostname="Tushar" failures="0" tests="1" name="com.tek.organization.DeleteAllOrganizationsTest" time="37.254" errors="0" timestamp="2025-05-26T16:34:01 IST" skipped="0">
  <testcase classname="com.tek.organization.DeleteAllOrganizationsTest" name="deleteAllOrg" time="37.254"/>
  <system-out/>
</testsuite> <!-- com.tek.organization.DeleteAllOrganizationsTest -->
