<?xml version="1.0" encoding="UTF-8"?>
<!-- Generated by org.testng.reporters.JUnitReportReporter -->
<testsuite hostname="Tushar" failures="0" tests="1" name="mocktask.FlipkartFilters" time="35.571" errors="0" timestamp="2025-06-09T09:30:48 IST" skipped="0">
  <testcase classname="mocktask.FlipkartFilters" name="filterAndtakeScreenshot" time="35.571"/>
  <system-out/>
</testsuite> <!-- mocktask.FlipkartFilters -->
