<?xml version="1.0" encoding="UTF-8"?>
<!-- Generated by org.testng.reporters.JUnitReportReporter -->
<testsuite hostname="Tushar" failures="0" tests="1" name="com.tek.contact.CreateContact" time="32.154" errors="0" timestamp="2025-05-23T15:42:51 IST" skipped="0">
  <testcase classname="com.tek.contact.CreateContact" name="createContact" time="32.154"/>
  <system-out/>
</testsuite> <!-- com.tek.contact.CreateContact -->
