<?xml version="1.0" encoding="UTF-8"?>
<!-- Generated by org.testng.reporters.JUnitReportReporter -->
<testsuite hostname="Tushar" failures="0" tests="3" name="com.tek.contact.CreateContactTest" time="102.077" errors="0" timestamp="2025-05-28T12:18:39 IST" skipped="0">
  <testcase classname="com.tek.contact.CreateContactTest" name="createContact" time="27.434"/>
  <system-out/>
  <testcase classname="com.tek.contact.CreateContactTest" name="selectOrgInContact" time="45.710"/>
  <system-out/>
  <testcase classname="com.tek.contact.CreateContactTest" name="contactWithSupportDate" time="28.933"/>
  <system-out/>
</testsuite> <!-- com.tek.contact.CreateContactTest -->
