<?xml version="1.0" encoding="UTF-8"?>
<!-- Generated by org.testng.reporters.JUnitReportReporter -->
<testsuite hostname="Tushar" failures="0" tests="3" name="com.tek.contact.ContactModuleTest" time="94.554" errors="0" timestamp="2025-06-05T12:30:37 IST" skipped="0">
  <testcase classname="com.tek.contact.ContactModuleTest" name="createContact" time="44.048"/>
  <system-out/>
  <testcase classname="com.tek.contact.ContactModuleTest" name="createContactAndRelatedToOrg" time="33.151"/>
  <system-out/>
  <testcase classname="com.tek.contact.ContactModuleTest" name="contactWithSupportDate" time="17.355"/>
  <system-out/>
</testsuite> <!-- com.tek.contact.ContactModuleTest -->
