<?xml version="1.0" encoding="UTF-8"?>
<!-- Generated by org.testng.reporters.JUnitReportReporter -->
<testsuite hostname="Tushar" failures="0" tests="1" name="com.tek.opportunities.CreateOpportunitiesAndRelateOrg" time="45.098" errors="0" timestamp="2025-05-27T18:23:39 IST" skipped="0">
  <testcase classname="com.tek.opportunities.CreateOpportunitiesAndRelateOrg" name="opportunitiesAndRelateOrg" time="45.098"/>
  <system-out/>
</testsuite> <!-- com.tek.opportunities.CreateOpportunitiesAndRelateOrg -->
