<?xml version="1.0" encoding="UTF-8"?>
<!-- Generated by org.testng.reporters.JUnitReportReporter -->
<testsuite hostname="Tushar" failures="0" tests="2" name="com.tek.opportunities.OpportunitiesModule" time="61.030" errors="0" timestamp="2025-06-03T16:31:56 IST" skipped="0">
  <testcase classname="com.tek.opportunities.OpportunitiesModule" name="createopportunitiesAndRelateToContact" time="27.903"/>
  <system-out/>
  <testcase classname="com.tek.opportunities.OpportunitiesModule" name="opportunitiesAndRelateOrg" time="33.127"/>
  <system-out/>
</testsuite> <!-- com.tek.opportunities.OpportunitiesModule -->
