<?xml version="1.0" encoding="UTF-8"?>
<!-- Generated by org.testng.reporters.JUnitReportReporter -->
<testsuite hostname="Tushar" failures="0" tests="1" name="com.tek.product.CreateProductWithStartAndEndDate" time="26.015" errors="0" timestamp="2025-05-27T18:29:55 IST" skipped="0">
  <testcase classname="com.tek.product.CreateProductWithStartAndEndDate" name="productWithStartandEndDate" time="26.015"/>
  <system-out/>
</testsuite> <!-- com.tek.product.CreateProductWithStartAndEndDate -->
