<?xml version="1.0" encoding="UTF-8"?>
<!-- Generated by org.testng.reporters.JUnitReportReporter -->
<testsuite hostname="Tushar" failures="0" tests="1" name="demo.Verify" time="8.831" errors="0" timestamp="2025-05-23T17:16:36 IST" skipped="0">
  <testcase classname="demo.Verify" name="verifyTest" time="8.831"/>
  <system-out/>
</testsuite> <!-- demo.Verify -->
