<?xml version="1.0" encoding="UTF-8"?>
<!-- Generated by org.testng.reporters.JUnitReportReporter -->
<testsuite hostname="Tushar" failures="0" tests="1" name="demo.DemoQspiderDatePicker" time="66.120" errors="0" timestamp="2025-05-26T11:36:41 IST" skipped="0">
  <testcase classname="demo.DemoQspiderDatePicker" name="simpleDatePicker" time="66.120"/>
  <system-out/>
</testsuite> <!-- demo.DemoQspiderDatePicker -->
