<?xml version="1.0" encoding="UTF-8"?>
<!-- Generated by org.testng.reporters.JUnitReportReporter -->
<testsuite hostname="Tushar" failures="0" tests="1" name="com.tek.contact.CreateContactAndSelectOrgTest" time="48.477" errors="0" timestamp="2025-05-27T18:18:59 IST" skipped="0">
  <testcase classname="com.tek.contact.CreateContactAndSelectOrgTest" name="selectOrgInContact" time="48.477"/>
  <system-out/>
</testsuite> <!-- com.tek.contact.CreateContactAndSelectOrgTest -->
