<?xml version="1.0" encoding="UTF-8"?>
<!-- Generated by org.testng.reporters.JUnitReportReporter -->
<testsuite hostname="Tushar" failures="0" tests="1" name="dataDrivenTesting.ReadMultipleDataFromExcel" time="0.740" errors="0" timestamp="2025-05-13T17:59:43 IST" skipped="0">
  <testcase classname="dataDrivenTesting.ReadMultipleDataFromExcel" name="fetchMultipleData1" time="0.740"/>
  <system-out/>
</testsuite> <!-- dataDrivenTesting.ReadMultipleDataFromExcel -->
