<?xml version="1.0" encoding="UTF-8"?>
<!-- Generated by org.testng.reporters.JUnitReportReporter -->
<testsuite hostname="Tushar" failures="0" tests="1" name="dataDrivenTesting.ReadDataBackToExcel" time="0.698" errors="0" timestamp="2025-05-14T17:09:32 IST" skipped="0">
  <testcase classname="dataDrivenTesting.ReadDataBackToExcel" name="storeDataInExcelThroughSelenium" time="0.698"/>
  <system-out/>
</testsuite> <!-- dataDrivenTesting.ReadDataBackToExcel -->
