<?xml version="1.0" encoding="UTF-8"?>
<!-- Generated by org.testng.reporters.JUnitReportReporter -->
<testsuite hostname="Tushar" failures="0" tests="1" name="demo.FilpkartReadBackToExcel" time="20.102" errors="0" timestamp="2025-05-21T16:21:44 IST" skipped="0">
  <testcase classname="demo.FilpkartReadBackToExcel" name="readBackDataToExcel" time="20.102"/>
  <system-out/>
</testsuite> <!-- demo.FilpkartReadBackToExcel -->
