<?xml version="1.0" encoding="UTF-8"?>
<!-- Generated by org.testng.reporters.JUnitReportReporter -->
<testsuite hostname="Tushar" failures="0" tests="1" name="vTiger.CreateOrgainzation_With_IndustryAndType" time="34.537" errors="0" timestamp="2025-05-26T10:31:48 IST" skipped="0">
  <testcase classname="vTiger.CreateOrgainzation_With_IndustryAndType" name="orgWith_IndustryAdType" time="34.537"/>
  <system-out/>
</testsuite> <!-- vTiger.CreateOrgainzation_With_IndustryAndType -->
