<?xml version="1.0" encoding="UTF-8"?>
<!-- Generated by org.testng.reporters.JUnitReportReporter -->
<testsuite hostname="Tushar" failures="0" tests="1" name="dataDrivenTesting.ReadDataFromJson" time="2.114" errors="0" timestamp="2025-05-14T15:57:31 IST" skipped="0">
  <testcase classname="dataDrivenTesting.ReadDataFromJson" name="jSonDataReading" time="2.114"/>
  <system-out/>
</testsuite> <!-- dataDrivenTesting.ReadDataFromJson -->
