<?xml version="1.0" encoding="UTF-8"?>
<!-- Generated by org.testng.reporters.JUnitReportReporter -->
<testsuite hostname="Tushar" failures="0" tests="1" name="relative_locators.ToRightOfMethod" time="12.671" errors="0" timestamp="2025-05-20T17:53:12 IST" skipped="0">
  <testcase classname="relative_locators.ToRightOfMethod" name="relativeToRightOfMethod" time="12.671"/>
  <system-out/>
</testsuite> <!-- relative_locators.ToRightOfMethod -->
