<?xml version="1.0" encoding="UTF-8"?>
<!-- Generated by org.testng.reporters.JUnitReportReporter -->
<testsuite hostname="Tushar" failures="0" tests="1" name="autoSuggestionDropDown.DemoWebshopAutoSuggesstion" time="8.163" errors="0" timestamp="2025-05-08T12:46:58 IST" skipped="0">
  <testcase classname="autoSuggestionDropDown.DemoWebshopAutoSuggesstion" name="AutoSuggesstion" time="8.163"/>
  <system-out/>
</testsuite> <!-- autoSuggestionDropDown.DemoWebshopAutoSuggesstion -->
