<?xml version="1.0" encoding="UTF-8"?>
<!-- Generated by org.testng.reporters.JUnitReportReporter -->
<testsuite hostname="Tushar" failures="0" tests="1" name="vTiger.CreateOpportunitiesAndRelateOrg" time="67.075" errors="0" timestamp="2025-05-20T15:48:05 IST" skipped="0">
  <testcase classname="vTiger.CreateOpportunitiesAndRelateOrg" name="opportunitiesAndRelateOrg" time="67.075"/>
  <system-out/>
</testsuite> <!-- vTiger.CreateOpportunitiesAndRelateOrg -->
