<?xml version="1.0" encoding="UTF-8"?>
<!-- Generated by org.testng.reporters.JUnitReportReporter -->
<testsuite hostname="Tushar" failures="0" tests="1" name="demo.FilpkartWriteBackToExcel" time="38.214" errors="0" timestamp="2025-05-26T15:33:51 IST" skipped="0">
  <testcase classname="demo.FilpkartWriteBackToExcel" name="readBackDataToExcel" time="38.214"/>
  <system-out/>
</testsuite> <!-- demo.FilpkartWriteBackToExcel -->
