<?xml version="1.0" encoding="UTF-8"?>
<!-- Generated by org.testng.reporters.JUnitReportReporter -->
<testsuite hostname="Tushar" failures="0" tests="1" name="relative_locators.toLeftOfMethod" time="13.206" errors="0" timestamp="2025-05-20T17:50:23 IST" skipped="0">
  <testcase classname="relative_locators.toLeftOfMethod" name="relattivetoLeftOfMethod" time="13.206"/>
  <system-out/>
</testsuite> <!-- relative_locators.toLeftOfMethod -->
