<?xml version="1.0" encoding="UTF-8"?>
<!-- Generated by org.testng.reporters.JUnitReportReporter -->
<testsuite hostname="Tushar" failures="0" tests="1" name="multipleWindowHandling.Multi_Windowhandles" time="15.025" errors="0" timestamp="2025-05-08T16:23:20 IST" skipped="0">
  <testcase classname="multipleWindowHandling.Multi_Windowhandles" name="handleWindow" time="15.025"/>
  <system-out/>
</testsuite> <!-- multipleWindowHandling.Multi_Windowhandles -->
