<?xml version="1.0" encoding="UTF-8"?>
<!-- Generated by org.testng.reporters.JUnitReportReporter -->
<testsuite hostname="Tushar" failures="0" tests="1" name="vTiger.CreateContact" time="32.030" errors="0" timestamp="2025-05-20T11:15:32 IST" skipped="0">
  <testcase classname="vTiger.CreateContact" name="createContact" time="32.030"/>
  <system-out/>
</testsuite> <!-- vTiger.CreateContact -->
