<?xml version="1.0" encoding="UTF-8"?>
<!-- Generated by org.testng.reporters.JUnitReportReporter -->
<testsuite hostname="Tushar" failures="0" tests="1" name="vTiger.CreateOpportunitiesAndRelateToContact" time="49.451" errors="0" timestamp="2025-05-20T16:24:35 IST" skipped="0">
  <testcase classname="vTiger.CreateOpportunitiesAndRelateToContact" name="opportunitiesAndRelateToContact" time="49.451"/>
  <system-out/>
</testsuite> <!-- vTiger.CreateOpportunitiesAndRelateToContact -->
