<?xml version="1.0" encoding="UTF-8"?>
<!-- Generated by org.testng.reporters.JUnitReportReporter -->
<testsuite hostname="Tushar" failures="0" tests="1" name="shadowRoot.Open_ShadowRoot_Demo_Qspiders" time="9.101" errors="0" timestamp="2025-05-08T14:39:15 IST" skipped="0">
  <testcase classname="shadowRoot.Open_ShadowRoot_Demo_Qspiders" name="openShadowRoot" time="9.101"/>
  <system-out/>
</testsuite> <!-- shadowRoot.Open_ShadowRoot_Demo_Qspiders -->
