<?xml version="1.0" encoding="UTF-8"?>
<!-- Generated by org.testng.reporters.JUnitReportReporter -->
<testsuite hostname="Tushar" failures="0" tests="1" name="vTiger.CreateProduct" time="30.310" errors="0" timestamp="2025-05-20T15:31:21 IST" skipped="0">
  <testcase classname="vTiger.CreateProduct" name="productCreate" time="30.310"/>
  <system-out/>
</testsuite> <!-- vTiger.CreateProduct -->
