<?xml version="1.0" encoding="UTF-8"?>
<!-- Generated by org.testng.reporters.JUnitReportReporter -->
<testsuite hostname="Tushar" failures="0" tests="1" name="screenshot_eventfiringwebdriver.ScreenShotWithEventFiringTest" time="6.196" errors="0" timestamp="2025-06-02T11:27:41 IST" skipped="0">
  <testcase classname="screenshot_eventfiringwebdriver.ScreenShotWithEventFiringTest" name="screenshot" time="6.196"/>
  <system-out/>
</testsuite> <!-- screenshot_eventfiringwebdriver.ScreenShotWithEventFiringTest -->
