<?xml version="1.0" encoding="UTF-8"?>
<!-- Generated by org.testng.reporters.JUnitReportReporter -->
<testsuite hostname="Tushar" failures="0" tests="1" name="xPath.SvgTag" time="7.118" errors="0" timestamp="2025-05-10T10:58:50 IST" skipped="0">
  <testcase classname="xPath.SvgTag" name="svgXpath" time="7.118"/>
  <system-out/>
</testsuite> <!-- xPath.SvgTag -->
