<?xml version="1.0" encoding="UTF-8"?>
<!-- Generated by org.testng.reporters.JUnitReportReporter -->
<testsuite hostname="Tushar" failures="0" tests="1" name="vTiger.CreateProductWithStartAndEndDate" time="31.226" errors="0" timestamp="2025-05-20T16:31:59 IST" skipped="0">
  <testcase classname="vTiger.CreateProductWithStartAndEndDate" name="productWithStartandEndDate" time="31.226"/>
  <system-out/>
</testsuite> <!-- vTiger.CreateProductWithStartAndEndDate -->
