<?xml version="1.0" encoding="UTF-8"?>
<!-- Generated by org.testng.reporters.JUnitReportReporter -->
<testsuite hostname="Tushar" failures="0" tests="1" name="shadowRoot.Close_ShadowRoot_Demo_Qspiders" time="15.080" errors="0" timestamp="2025-05-08T15:00:42 IST" skipped="0">
  <testcase classname="shadowRoot.Close_ShadowRoot_Demo_Qspiders" name="closeShadowRoot" time="15.080"/>
  <system-out/>
</testsuite> <!-- shadowRoot.Close_ShadowRoot_Demo_Qspiders -->
