<?xml version="1.0" encoding="UTF-8"?>
<!-- Generated by org.testng.reporters.JUnitReportReporter -->
<testsuite hostname="Tushar" failures="0" tests="1" name="vTiger.CreateContactWithSupportDate" time="88.582" errors="0" timestamp="2025-05-21T09:55:13 IST" skipped="0">
  <testcase classname="vTiger.CreateContactWithSupportDate" name="contactWithSupportDate" time="88.582"/>
  <system-out/>
</testsuite> <!-- vTiger.CreateContactWithSupportDate -->
