<?xml version="1.0" encoding="UTF-8"?>
<!-- Generated by org.testng.reporters.JUnitReportReporter -->
<testsuite hostname="Tushar" failures="0" tests="1" name="tp.FlipkartAssinement" time="8.110" errors="0" timestamp="2025-05-19T17:24:51 IST" skipped="0">
  <testcase classname="tp.FlipkartAssinement" name="testFlipkart" time="8.110"/>
  <system-out/>
</testsuite> <!-- tp.FlipkartAssinement -->
