<?xml version="1.0" encoding="UTF-8"?>
<!-- Generated by org.testng.reporters.JUnitReportReporter -->
<testsuite hostname="Tushar" failures="0" tests="1" name="vTiger.Create_Orgainzation" time="35.722" errors="0" timestamp="2025-05-17T23:05:50 IST" skipped="0">
  <testcase classname="vTiger.Create_Orgainzation" name="orgainzation" time="35.722"/>
  <system-out/>
</testsuite> <!-- vTiger.Create_Orgainzation -->
