<?xml version="1.0" encoding="UTF-8"?>
<!-- Generated by org.testng.reporters.JUnitReportReporter -->
<testsuite hostname="Tushar" failures="0" tests="1" name="vTiger.CreateContactAndSelectOrg" time="50.508" errors="0" timestamp="2025-05-20T12:25:53 IST" skipped="0">
  <testcase classname="vTiger.CreateContactAndSelectOrg" name="selectOrgInContact" time="50.508"/>
  <system-out/>
</testsuite> <!-- vTiger.CreateContactAndSelectOrg -->
