<?xml version="1.0" encoding="UTF-8"?>
<!-- Generated by org.testng.reporters.JUnitReportReporter -->
<testsuite hostname="Tushar" failures="0" tests="1" name="jsExecuter.WorkingWith_JavaScriptExecutor" time="5.665" errors="0" timestamp="2025-05-09T16:15:33 IST" skipped="0">
  <testcase classname="jsExecuter.WorkingWith_JavaScriptExecutor" name="javaScript" time="5.665"/>
  <system-out/>
</testsuite> <!-- jsExecuter.WorkingWith_JavaScriptExecutor -->
