<?xml version="1.0" encoding="UTF-8"?>
<!-- Generated by org.testng.reporters.JUnitReportReporter -->
<testsuite hostname="Tushar" failures="0" tests="1" name="demo.DemoWebShop" time="5.762" errors="0" timestamp="2025-05-08T12:34:08 IST" skipped="0">
  <testcase classname="demo.DemoWebShop" name="classNameLocator" time="5.762"/>
  <system-out/>
</testsuite> <!-- demo.DemoWebShop -->
