<?xml version="1.0" encoding="UTF-8"?>
<!-- Generated by org.testng.reporters.JUnitReportReporter -->
<testsuite hostname="Tushar" failures="0" tests="1" name="xPath.PrecesingAndFollowingSibling" time="2.900" errors="0" timestamp="2025-05-10T10:41:24 IST" skipped="0">
  <testcase classname="xPath.PrecesingAndFollowingSibling" name="testPrecedingAndFollowing" time="2.900"/>
  <system-out/>
</testsuite> <!-- xPath.PrecesingAndFollowingSibling -->
