<?xml version="1.0" encoding="UTF-8"?>
<!-- Generated by org.testng.reporters.JUnitReportReporter -->
<testsuite hostname="Tushar" failures="0" tests="1" name="autoSuggestionDropDown.FlipkartAutoSuggestion" time="8.469" errors="0" timestamp="2025-05-08T13:06:52 IST" skipped="0">
  <testcase classname="autoSuggestionDropDown.FlipkartAutoSuggestion" name="AutoSuggestionFlipkart" time="8.469"/>
  <system-out/>
</testsuite> <!-- autoSuggestionDropDown.FlipkartAutoSuggestion -->
