<?xml version="1.0" encoding="UTF-8"?>
<!-- Generated by org.testng.reporters.JUnitReportReporter -->
<testsuite hostname="Tushar" failures="0" tests="1" name="relative_locators.AboveMethod" time="5.806" errors="0" timestamp="2025-05-07T16:31:19 IST" skipped="0">
  <testcase classname="relative_locators.AboveMethod" name="relativeAboveMethod" time="5.806"/>
  <system-out/>
</testsuite> <!-- relative_locators.AboveMethod -->
