<?xml version="1.0" encoding="UTF-8"?>
<!-- Generated by org.testng.reporters.JUnitReportReporter -->
<testsuite hostname="Tushar" failures="0" tests="1" name="dataDrivenTesting.Working_with_Properties_File" time="18.053" errors="0" timestamp="2025-05-12T15:43:27 IST" skipped="0">
  <testcase classname="dataDrivenTesting.Working_with_Properties_File" name="propertiesFile" time="18.053"/>
  <system-out/>
</testsuite> <!-- dataDrivenTesting.Working_with_Properties_File -->
