<?xml version="1.0" encoding="UTF-8"?>
<!-- Generated by org.testng.reporters.JUnitReportReporter -->
<testsuite hostname="Tushar" failures="0" tests="4" name="testNg.DataProviderTest" time="69.165" errors="0" timestamp="2025-05-27T15:17:32 IST" skipped="0">
  <testcase classname="testNg.DataProviderTest" name="dataProviderTest" time="23.018"/>
  <system-out/>
  <testcase classname="testNg.DataProviderTest" name="dataProviderTest" time="15.012"/>
  <system-out/>
  <testcase classname="testNg.DataProviderTest" name="dataProviderTest" time="16.054"/>
  <system-out/>
  <testcase classname="testNg.DataProviderTest" name="dataProviderTest" time="15.081"/>
  <system-out/>
</testsuite> <!-- testNg.DataProviderTest -->
