<?xml version="1.0" encoding="UTF-8"?>
<!-- Generated by org.testng.reporters.JUnitReportReporter -->
<testsuite hostname="Tushar" failures="0" tests="1" name="dataDrivenTesting.ExcelPracticeTest" time="0.673" errors="0" timestamp="2025-06-05T13:03:26 IST" skipped="0">
  <testcase classname="dataDrivenTesting.ExcelPracticeTest" name="workingWithExcel" time="0.673"/>
  <system-out/>
</testsuite> <!-- dataDrivenTesting.ExcelPracticeTest -->
