<?xml version="1.0" encoding="UTF-8"?>
<!-- Generated by org.testng.reporters.JUnitReportReporter -->
<testsuite hostname="Tushar" failures="0" tests="1" name="database.JDBC_Insert_Values" time="0.385" errors="0" timestamp="2025-05-16T16:29:44 IST" skipped="0">
  <testcase classname="database.JDBC_Insert_Values" name="insertIntoTable" time="0.385"/>
  <system-out/>
</testsuite> <!-- database.JDBC_Insert_Values -->
