<?xml version="1.0" encoding="UTF-8"?>
<!-- Generated by org.testng.reporters.JUnitReportReporter -->
<testsuite hostname="Tushar" failures="0" tests="1" name="iframe.DemoQspidersIframe" time="11.882" errors="0" timestamp="2025-05-12T16:57:03 IST" skipped="0">
  <testcase classname="iframe.DemoQspidersIframe" name="multiIframeDemoQspiders" time="11.882"/>
  <system-out/>
</testsuite> <!-- iframe.DemoQspidersIframe -->
