<?xml version="1.0" encoding="UTF-8"?>
<!-- Generated by org.testng.reporters.JUnitReportReporter -->
<testsuite hostname="Tushar" failures="0" tests="1" name="tp.FlipkartScript" time="32.810" errors="0" timestamp="2025-05-26T15:22:13 IST" skipped="0">
  <testcase classname="tp.FlipkartScript" name="priceOfFirstProduct" time="32.810"/>
  <system-out/>
</testsuite> <!-- tp.FlipkartScript -->
