<?xml version="1.0" encoding="UTF-8"?>
<!-- Generated by org.testng.reporters.JUnitReportReporter -->
<testsuite hostname="Tushar" failures="0" tests="1" name="demo.Flipkart" time="47.984" errors="0" timestamp="2025-05-26T13:06:04 IST" skipped="0">
  <testcase classname="demo.Flipkart" name="test" time="47.984"/>
  <system-out/>
</testsuite> <!-- demo.Flipkart -->
