<?xml version="1.0" encoding="UTF-8"?>
<!-- Generated by org.testng.reporters.JUnitReportReporter -->
<testsuite hostname="Tushar" failures="0" tests="1" name="database.JDBC_Create" time="0.194" errors="0" timestamp="2025-05-16T15:46:04 IST" skipped="0">
  <testcase classname="database.JDBC_Create" name="createDatabase" time="0.194"/>
  <system-out/>
</testsuite> <!-- database.JDBC_Create -->
