<?xml version="1.0" encoding="UTF-8"?>
<!-- Generated by org.testng.reporters.JUnitReportReporter -->
<testsuite hostname="Tushar" failures="0" tests="1" name="relative_locators.NearMethod" time="28.915" errors="0" timestamp="2025-05-20T17:55:08 IST" skipped="0">
  <testcase classname="relative_locators.NearMethod" name="relativeNearMethod" time="28.915"/>
  <system-out/>
</testsuite> <!-- relative_locators.NearMethod -->
