<?xml version="1.0" encoding="UTF-8"?>
<!-- Generated by org.testng.reporters.JUnitReportReporter -->
<testsuite hostname="Tushar" failures="0" tests="1" name="iframe.WorkingWith_iframe" time="29.612" errors="0" timestamp="2025-05-09T15:38:37 IST" skipped="0">
  <testcase classname="iframe.WorkingWith_iframe" name="iframeTest" time="29.612"/>
  <system-out/>
</testsuite> <!-- iframe.WorkingWith_iframe -->
