<?xml version="1.0" encoding="UTF-8"?>
<!-- Generated by org.testng.reporters.JUnitReportReporter -->
<testsuite hostname="Tushar" failures="0" tests="1" name="extentReports.LearnExtentReports" time="11.946" errors="0" timestamp="2025-06-03T13:01:42 IST" skipped="0">
  <testcase classname="extentReports.LearnExtentReports" name="extentReports" time="11.946"/>
  <system-out/>
</testsuite> <!-- extentReports.LearnExtentReports -->
