<?xml version="1.0" encoding="UTF-8"?>
<!-- Generated by org.testng.reporters.JUnitReportReporter -->
<testsuite hostname="Tushar" failures="0" tests="1" name="relative_locators.BelowMethod" time="5.553" errors="0" timestamp="2025-05-07T17:09:56 IST" skipped="0">
  <testcase classname="relative_locators.BelowMethod" name="relativeBelowMethod" time="5.553"/>
  <system-out/>
</testsuite> <!-- relative_locators.BelowMethod -->
