<?xml version="1.0" encoding="UTF-8"?>
<!-- Generated by org.testng.reporters.JUnitReportReporter -->
<testsuite hostname="Tushar" failures="0" tests="1" name="dataDrivenTesting.Xml_Data_Reading" time="8.070" errors="0" timestamp="2025-05-15T11:04:22 IST" skipped="0">
  <testcase classname="dataDrivenTesting.Xml_Data_Reading" name="xmlData" time="8.070"/>
  <system-out/>
</testsuite> <!-- dataDrivenTesting.Xml_Data_Reading -->
