<?xml version="1.0" encoding="UTF-8"?>
<!-- Generated by org.testng.reporters.JUnitXMLReporter -->
<testsuite ignored="0" hostname="Tushar" failures="0" tests="3" name="Test-firefox" time="105.466" errors="0" timestamp="2025-05-28T15:13:22 IST">
  <testcase classname="com.tek.organization.OrgainzationModuleTest" name="createOrgWithIndustryAndTypee" time="21.953"/>
  <testcase classname="com.tek.organization.OrgainzationModuleTest" name="createOrgainzation" time="24.146"/>
  <testcase classname="com.tek.organization.OrgainzationModuleTest" name="orgWithNumber" time="31.496"/>
</testsuite> <!-- Test-firefox -->
