<?xml version="1.0" encoding="UTF-8"?>
<!-- Generated by org.testng.reporters.JUnitXMLReporter -->
<testsuite ignored="0" hostname="Tushar" failures="0" tests="3" name="Test-1" time="93.944" errors="0" timestamp="2025-05-28T14:53:27 IST">
  <testcase classname="com.tek.organization.OrgainzationModuleTest" name="createOrgWithIndustryAndTypee" time="21.759"/>
  <testcase classname="com.tek.organization.OrgainzationModuleTest" name="createOrgainzation" time="22.961"/>
  <testcase classname="com.tek.organization.OrgainzationModuleTest" name="orgWithNumber" time="20.592"/>
</testsuite> <!-- Test-1 -->
