<?xml version="1.0" encoding="UTF-8"?>
<!-- Generated by org.testng.reporters.JUnitXMLReporter -->
<testsuite ignored="0" hostname="Tushar" failures="0" tests="3" name="Test-Chrome" time="102.005" errors="0" timestamp="2025-05-28T15:13:19 IST">
  <testcase classname="com.tek.organization.OrgainzationModuleTest" name="createOrgWithIndustryAndTypee" time="22.045"/>
  <testcase classname="com.tek.organization.OrgainzationModuleTest" name="createOrgainzation" time="24.825"/>
  <testcase classname="com.tek.organization.OrgainzationModuleTest" name="orgWithNumber" time="30.698"/>
</testsuite> <!-- Test-Chrome -->
