<?xml version="1.0" encoding="UTF-8"?>
<!-- Generated by org.testng.reporters.JUnitXMLReporter -->
<testsuite ignored="0" hostname="Tushar" failures="0" tests="3" name="Test-2" time="111.837" errors="0" timestamp="2025-05-28T14:53:45 IST">
  <testcase classname="com.tek.contact.ContactModuleTest" name="contactWithSupportDate" time="21.037"/>
  <testcase classname="com.tek.contact.ContactModuleTest" name="createContact" time="20.237"/>
  <testcase classname="com.tek.contact.ContactModuleTest" name="createContactAndRelatedToOrg" time="41.202"/>
</testsuite> <!-- Test-2 -->
